i:\osr\opensoundrefenation\osrnetworkrecord\x64\debug\vc141.pdb
i:\osr\opensoundrefenation\osrnetworkrecord\x64\debug\vc141.idb
i:\osr\opensoundrefenation\osrnetworkrecord\x64\debug\osrnetworkrecord.obj
i:\osr\opensoundrefenation\osrnetworkrecord\x64\debug\dllmain.obj
i:\osr\opensoundrefenation\debug\osrnetwork.dll
i:\osr\opensoundrefenation\debug\osrnetwork.ilk
i:\osr\opensoundrefenation\debug\osrnetwork.pdb
i:\osr\opensoundrefenation\debug\osrnetwork.lib
i:\osr\opensoundrefenation\debug\osrnetwork.exp
i:\osr\opensoundrefenation\\debug\osrnetwork.pdb
i:\osr\opensoundrefenation\\debug\osrnetwork.dll
i:\osr\opensoundrefenation\\debug\osrnetwork.ilk
i:\osr\opensoundrefenation\osrnetworkrecord\x64\debug\osrnetwork.tlog\cl.command.1.tlog
i:\osr\opensoundrefenation\osrnetworkrecord\x64\debug\osrnetwork.tlog\cl.read.1.tlog
i:\osr\opensoundrefenation\osrnetworkrecord\x64\debug\osrnetwork.tlog\cl.write.1.tlog
i:\osr\opensoundrefenation\osrnetworkrecord\x64\debug\osrnetwork.tlog\link.13364.delete.1.tlog
i:\osr\opensoundrefenation\osrnetworkrecord\x64\debug\osrnetwork.tlog\link.command.1.tlog
i:\osr\opensoundrefenation\osrnetworkrecord\x64\debug\osrnetwork.tlog\link.read.1.tlog
i:\osr\opensoundrefenation\osrnetworkrecord\x64\debug\osrnetwork.tlog\link.write.1.tlog
i:\osr\opensoundrefenation\osrnetworkrecord\x64\debug\osrnetwork.tlog\osrnetwork.write.1u.tlog
