i:\osr\opensoundrefenation\osrmain\x64\debug\vc141.pdb
i:\osr\opensoundrefenation\osrmain\x64\debug\vc141.idb
i:\osr\opensoundrefenation\osrmain\x64\debug\dx11rendermain.obj
i:\osr\opensoundrefenation\osrmain\x64\debug\osrui.obj
i:\osr\opensoundrefenation\osrmain\x64\debug\osrmixer.obj
i:\osr\opensoundrefenation\osrmain\x64\debug\osrmain.pch
i:\osr\opensoundrefenation\osrmain\x64\debug\stdafx.obj
i:\osr\opensoundrefenation\osrmain\x64\debug\osrmain.obj
i:\osr\opensoundrefenation\osrmain\x64\debug\dllmain.obj
i:\osr\opensoundrefenation\osrmain\x64\debug\vumeter.obj
i:\osr\opensoundrefenation\osrmain\x64\debug\imgui_widgets.obj
i:\osr\opensoundrefenation\osrmain\x64\debug\imgui_impl_win32.obj
i:\osr\opensoundrefenation\osrmain\x64\debug\imgui_impl_dx9.obj
i:\osr\opensoundrefenation\osrmain\x64\debug\imgui_impl_dx11.obj
i:\osr\opensoundrefenation\osrmain\x64\debug\imgui_draw.obj
i:\osr\opensoundrefenation\osrmain\x64\debug\imgui_demo.obj
i:\osr\opensoundrefenation\osrmain\x64\debug\imgui.obj
i:\osr\opensoundrefenation\debug\osrmain.dll
i:\osr\opensoundrefenation\debug\osrmain.ilk
i:\osr\opensoundrefenation\debug\osrmain.pdb
i:\osr\opensoundrefenation\debug\osrmain.lib
i:\osr\opensoundrefenation\debug\osrmain.exp
i:\osr\opensoundrefenation\\debug\osrmain.pdb
i:\osr\opensoundrefenation\\debug\osrmain.dll
i:\osr\opensoundrefenation\\debug\osrmain.ilk
i:\osr\opensoundrefenation\osrmain\x64\debug\osrmain.tlog\cl.command.1.tlog
i:\osr\opensoundrefenation\osrmain\x64\debug\osrmain.tlog\cl.read.1.tlog
i:\osr\opensoundrefenation\osrmain\x64\debug\osrmain.tlog\cl.write.1.tlog
i:\osr\opensoundrefenation\osrmain\x64\debug\osrmain.tlog\link.10300.delete.1.tlog
i:\osr\opensoundrefenation\osrmain\x64\debug\osrmain.tlog\link.11920.delete.1.tlog
i:\osr\opensoundrefenation\osrmain\x64\debug\osrmain.tlog\link.12284.delete.1.tlog
i:\osr\opensoundrefenation\osrmain\x64\debug\osrmain.tlog\link.12756.delete.1.tlog
i:\osr\opensoundrefenation\osrmain\x64\debug\osrmain.tlog\link.13000.delete.1.tlog
i:\osr\opensoundrefenation\osrmain\x64\debug\osrmain.tlog\link.13620.delete.1.tlog
i:\osr\opensoundrefenation\osrmain\x64\debug\osrmain.tlog\link.14500.delete.1.tlog
i:\osr\opensoundrefenation\osrmain\x64\debug\osrmain.tlog\link.14648.delete.1.tlog
i:\osr\opensoundrefenation\osrmain\x64\debug\osrmain.tlog\link.14700.delete.1.tlog
i:\osr\opensoundrefenation\osrmain\x64\debug\osrmain.tlog\link.14716.delete.1.tlog
i:\osr\opensoundrefenation\osrmain\x64\debug\osrmain.tlog\link.14832.delete.1.tlog
i:\osr\opensoundrefenation\osrmain\x64\debug\osrmain.tlog\link.15024.delete.1.tlog
i:\osr\opensoundrefenation\osrmain\x64\debug\osrmain.tlog\link.16480.delete.1.tlog
i:\osr\opensoundrefenation\osrmain\x64\debug\osrmain.tlog\link.17624.delete.1.tlog
i:\osr\opensoundrefenation\osrmain\x64\debug\osrmain.tlog\link.18336.delete.1.tlog
i:\osr\opensoundrefenation\osrmain\x64\debug\osrmain.tlog\link.1988.delete.1.tlog
i:\osr\opensoundrefenation\osrmain\x64\debug\osrmain.tlog\link.2288.delete.1.tlog
i:\osr\opensoundrefenation\osrmain\x64\debug\osrmain.tlog\link.2564.delete.1.tlog
i:\osr\opensoundrefenation\osrmain\x64\debug\osrmain.tlog\link.2996.delete.1.tlog
i:\osr\opensoundrefenation\osrmain\x64\debug\osrmain.tlog\link.3060.delete.1.tlog
i:\osr\opensoundrefenation\osrmain\x64\debug\osrmain.tlog\link.4232.delete.1.tlog
i:\osr\opensoundrefenation\osrmain\x64\debug\osrmain.tlog\link.7532.delete.1.tlog
i:\osr\opensoundrefenation\osrmain\x64\debug\osrmain.tlog\link.816.delete.1.tlog
i:\osr\opensoundrefenation\osrmain\x64\debug\osrmain.tlog\link.command.1.tlog
i:\osr\opensoundrefenation\osrmain\x64\debug\osrmain.tlog\link.delete.1.tlog
i:\osr\opensoundrefenation\osrmain\x64\debug\osrmain.tlog\link.read.1.tlog
i:\osr\opensoundrefenation\osrmain\x64\debug\osrmain.tlog\link.write.1.tlog
i:\osr\opensoundrefenation\osrmain\x64\debug\osrmain.tlog\osrmain.write.1u.tlog
