i:\osr\opensoundrefenation\osrplugins\x64\debug\osrplugins.pch
i:\osr\opensoundrefenation\osrplugins\x64\debug\vc141.pdb
i:\osr\opensoundrefenation\osrplugins\x64\debug\vc141.idb
i:\osr\opensoundrefenation\osrplugins\x64\debug\stdafx.obj
i:\osr\opensoundrefenation\osrplugins\x64\debug\vstwindows.obj
i:\osr\opensoundrefenation\osrplugins\x64\debug\osrplugins.obj
i:\osr\opensoundrefenation\osrplugins\x64\debug\dllmain.obj
i:\osr\opensoundrefenation\debug\osrplugins.ilk
i:\osr\opensoundrefenation\debug\osrplugins.dll
i:\osr\opensoundrefenation\debug\osrplugins.pdb
i:\osr\opensoundrefenation\debug\osrplugins.lib
i:\osr\opensoundrefenation\debug\osrplugins.exp
i:\osr\opensoundrefenation\\debug\osrplugins.pdb
i:\osr\opensoundrefenation\\debug\osrplugins.dll
i:\osr\opensoundrefenation\\debug\osrplugins.ilk
i:\osr\opensoundrefenation\osrplugins\x64\debug\osrplugins.tlog\cl.command.1.tlog
i:\osr\opensoundrefenation\osrplugins\x64\debug\osrplugins.tlog\cl.read.1.tlog
i:\osr\opensoundrefenation\osrplugins\x64\debug\osrplugins.tlog\cl.write.1.tlog
i:\osr\opensoundrefenation\osrplugins\x64\debug\osrplugins.tlog\link.command.1.tlog
i:\osr\opensoundrefenation\osrplugins\x64\debug\osrplugins.tlog\link.read.1.tlog
i:\osr\opensoundrefenation\osrplugins\x64\debug\osrplugins.tlog\link.write.1.tlog
i:\osr\opensoundrefenation\osrplugins\x64\debug\osrplugins.tlog\osrplugins.write.1u.tlog
