i:\osr\opensoundrefenation\osrplugins\x64\release\vc141.pdb
i:\osr\opensoundrefenation\osrplugins\x64\release\osrplugins.obj
i:\osr\opensoundrefenation\osrplugins\x64\release\dllmain.obj
i:\osr\opensoundrefenation\osrplugins\x64\release\vstwindows.obj
i:\osr\opensoundrefenation\osrplugins\x64\release\osrplugins.pch
i:\osr\opensoundrefenation\osrplugins\x64\release\stdafx.obj
i:\osr\opensoundrefenation\osrplugins\x64\release\vstfindplugin.obj
i:\osr\opensoundrefenation\release\osrplugins.dll
i:\osr\opensoundrefenation\release\osrplugins.pdb
i:\osr\opensoundrefenation\release\osrplugins.lib
i:\osr\opensoundrefenation\release\osrplugins.exp
i:\osr\opensoundrefenation\release\osrplugins.ipdb
i:\osr\opensoundrefenation\release\osrplugins.iobj
i:\osr\opensoundrefenation\\release\osrplugins.pdb
i:\osr\opensoundrefenation\\release\osrplugins.dll
i:\osr\opensoundrefenation\osrplugins\x64\release\osrplugins.tlog\cl.command.1.tlog
i:\osr\opensoundrefenation\osrplugins\x64\release\osrplugins.tlog\cl.read.1.tlog
i:\osr\opensoundrefenation\osrplugins\x64\release\osrplugins.tlog\cl.write.1.tlog
i:\osr\opensoundrefenation\osrplugins\x64\release\osrplugins.tlog\link.command.1.tlog
i:\osr\opensoundrefenation\osrplugins\x64\release\osrplugins.tlog\link.delete.1.tlog
i:\osr\opensoundrefenation\osrplugins\x64\release\osrplugins.tlog\link.read.1.tlog
i:\osr\opensoundrefenation\osrplugins\x64\release\osrplugins.tlog\link.write.1.tlog
i:\osr\opensoundrefenation\osrplugins\x64\release\osrplugins.tlog\osrplugins.write.1u.tlog
